2020-12-24 16:30:19,509 INFO org.springframework.boot.test.context.SpringBootTestContextBootstrapper [main] Neither @ContextConfiguration nor @ContextHierarchy found for test class [com.capgemini.advertisement.advertisementmanagementsystemrest.AdvertisementManagementSystemRestApplicationTests], using SpringBootContextLoader
2020-12-24 16:30:19,585 INFO org.springframework.test.context.support.AbstractContextLoader [main] Could not detect default resource locations for test class [com.capgemini.advertisement.advertisementmanagementsystemrest.AdvertisementManagementSystemRestApplicationTests]: no resource found for suffixes {-context.xml, Context.groovy}.
2020-12-24 16:30:19,587 INFO org.springframework.test.context.support.AnnotationConfigContextLoaderUtils [main] Could not detect default configuration classes for test class [com.capgemini.advertisement.advertisementmanagementsystemrest.AdvertisementManagementSystemRestApplicationTests]: AdvertisementManagementSystemRestApplicationTests does not declare any static, non-private, non-final, nested classes annotated with @Configuration.
2020-12-24 16:30:20,820 INFO org.springframework.boot.test.context.SpringBootTestContextBootstrapper [main] Found @SpringBootConfiguration com.capgemini.advertisement.advertisementmanagementsystemrest.AdvertisementManagementSystemRestApplication for test class com.capgemini.advertisement.advertisementmanagementsystemrest.AdvertisementManagementSystemRestApplicationTests
2020-12-24 16:30:21,443 INFO org.springframework.boot.test.context.SpringBootTestContextBootstrapper [main] Loaded default TestExecutionListener class names from location [META-INF/spring.factories]: [org.springframework.boot.test.mock.mockito.MockitoTestExecutionListener, org.springframework.boot.test.mock.mockito.ResetMocksTestExecutionListener, org.springframework.boot.test.autoconfigure.restdocs.RestDocsTestExecutionListener, org.springframework.boot.test.autoconfigure.web.client.MockRestServiceServerResetTestExecutionListener, org.springframework.boot.test.autoconfigure.web.servlet.MockMvcPrintOnlyOnFailureTestExecutionListener, org.springframework.boot.test.autoconfigure.web.servlet.WebDriverTestExecutionListener, org.springframework.boot.test.autoconfigure.webservices.client.MockWebServiceServerTestExecutionListener, org.springframework.test.context.web.ServletTestExecutionListener, org.springframework.test.context.support.DirtiesContextBeforeModesTestExecutionListener, org.springframework.test.context.support.DependencyInjectionTestExecutionListener, org.springframework.test.context.support.DirtiesContextTestExecutionListener, org.springframework.test.context.transaction.TransactionalTestExecutionListener, org.springframework.test.context.jdbc.SqlScriptsTestExecutionListener, org.springframework.test.context.event.EventPublishingTestExecutionListener]
2020-12-24 16:30:21,681 INFO org.springframework.boot.test.context.SpringBootTestContextBootstrapper [main] Using TestExecutionListeners: [org.springframework.test.context.web.ServletTestExecutionListener@dc9876b, org.springframework.test.context.support.DirtiesContextBeforeModesTestExecutionListener@2f666ebb, org.springframework.boot.test.mock.mockito.MockitoTestExecutionListener@19976a65, org.springframework.boot.test.autoconfigure.SpringBootDependencyInjectionTestExecutionListener@a1f72f5, org.springframework.test.context.support.DirtiesContextTestExecutionListener@4b2c5e02, org.springframework.test.context.transaction.TransactionalTestExecutionListener@57a3e26a, org.springframework.test.context.jdbc.SqlScriptsTestExecutionListener@75c56eb9, org.springframework.test.context.event.EventPublishingTestExecutionListener@4bc222e, org.springframework.boot.test.mock.mockito.ResetMocksTestExecutionListener@2dc9b0f5, org.springframework.boot.test.autoconfigure.restdocs.RestDocsTestExecutionListener@6531a794, org.springframework.boot.test.autoconfigure.web.client.MockRestServiceServerResetTestExecutionListener@3b5fad2d, org.springframework.boot.test.autoconfigure.web.servlet.MockMvcPrintOnlyOnFailureTestExecutionListener@5e17553a, org.springframework.boot.test.autoconfigure.web.servlet.WebDriverTestExecutionListener@3eb91815, org.springframework.boot.test.autoconfigure.webservices.client.MockWebServiceServerTestExecutionListener@56dc1551]
2020-12-24 16:30:23,853 INFO org.hibernate.validator.internal.util.Version [background-preinit] HV000001: Hibernate Validator 6.1.6.Final
2020-12-24 16:30:23,977 INFO com.capgemini.advertisement.advertisementmanagementsystemrest.AdvertisementManagementSystemRestApplicationTests [main] Starting AdvertisementManagementSystemRestApplicationTests using Java 1.8.0_271 on DESKTOP-EQNBBRG with PID 10220 (started by Dakshata in C:\Users\sairaj\Downloads\advertisement-management-system-rest)
2020-12-24 16:30:23,978 DEBUG com.capgemini.advertisement.advertisementmanagementsystemrest.AdvertisementManagementSystemRestApplicationTests [main] Running with Spring Boot v2.4.1, Spring v5.3.2
2020-12-24 16:30:23,983 INFO com.capgemini.advertisement.advertisementmanagementsystemrest.AdvertisementManagementSystemRestApplicationTests [main] No active profile set, falling back to default profiles: default
2020-12-24 16:30:30,407 INFO org.springframework.data.repository.config.RepositoryConfigurationDelegate [main] Bootstrapping Spring Data JPA repositories in DEFAULT mode.
2020-12-24 16:30:31,130 INFO org.springframework.data.repository.config.RepositoryConfigurationDelegate [main] Finished Spring Data repository scanning in 367 ms. Found 1 JPA repository interfaces.
2020-12-24 16:30:37,389 INFO org.hibernate.jpa.internal.util.LogHelper [main] HHH000204: Processing PersistenceUnitInfo [name: default]
2020-12-24 16:30:37,628 INFO org.hibernate.Version [main] HHH000412: Hibernate ORM core version 5.4.25.Final
2020-12-24 16:30:39,114 INFO org.hibernate.annotations.common.Version [main] HCANN000001: Hibernate Commons Annotations {5.1.2.Final}
2020-12-24 16:30:40,021 INFO com.zaxxer.hikari.HikariDataSource [main] HikariPool-1 - Starting...
2020-12-24 16:30:41,071 INFO com.zaxxer.hikari.HikariDataSource [main] HikariPool-1 - Start completed.
2020-12-24 16:30:41,291 INFO org.hibernate.dialect.Dialect [main] HHH000400: Using dialect: org.hibernate.dialect.PostgreSQL10Dialect
2020-12-24 16:30:52,628 INFO org.hibernate.engine.transaction.jta.platform.internal.JtaPlatformInitiator [main] HHH000490: Using JtaPlatform implementation: [org.hibernate.engine.transaction.jta.platform.internal.NoJtaPlatform]
2020-12-24 16:30:52,669 INFO org.springframework.orm.jpa.LocalContainerEntityManagerFactoryBean [main] Initialized JPA EntityManagerFactory for persistence unit 'default'
2020-12-24 16:30:56,708 WARN org.springframework.boot.autoconfigure.orm.jpa.JpaBaseConfiguration$JpaWebConfiguration [main] spring.jpa.open-in-view is enabled by default. Therefore, database queries may be performed during view rendering. Explicitly configure spring.jpa.open-in-view to disable this warning
2020-12-24 16:30:59,594 INFO org.springframework.scheduling.concurrent.ThreadPoolTaskExecutor [main] Initializing ExecutorService 'applicationTaskExecutor'
2020-12-24 16:31:03,007 INFO org.springframework.boot.actuate.endpoint.web.EndpointLinksResolver [main] Exposing 2 endpoint(s) beneath base path '/actuator'
2020-12-24 16:31:03,281 INFO com.capgemini.advertisement.advertisementmanagementsystemrest.AdvertisementManagementSystemRestApplicationTests [main] Started AdvertisementManagementSystemRestApplicationTests in 41.197 seconds (JVM running for 48.066)
2020-12-24 16:31:04,052 INFO org.springframework.scheduling.concurrent.ThreadPoolTaskExecutor [SpringContextShutdownHook] Shutting down ExecutorService 'applicationTaskExecutor'
2020-12-24 16:31:04,059 INFO org.springframework.orm.jpa.LocalContainerEntityManagerFactoryBean [SpringContextShutdownHook] Closing JPA EntityManagerFactory for persistence unit 'default'
2020-12-24 16:31:04,095 INFO com.zaxxer.hikari.HikariDataSource [SpringContextShutdownHook] HikariPool-1 - Shutdown initiated...
2020-12-24 16:31:04,118 INFO com.zaxxer.hikari.HikariDataSource [SpringContextShutdownHook] HikariPool-1 - Shutdown completed.
